<?xml version="1.0" encoding="UTF-8"?>
<!-- Generated by org.testng.reporters.JUnitReportReporter -->
<testsuite skipped="0" hostname="om-PC" name="maven_001.maven_001.MavenEx" tests="4" failures="0" timestamp="08 Sep 2018 07:50:01 GMT" time="66.766" errors="0">
  <testcase name="register" time="44.099" classname="maven_001.maven_001.MavenEx"/>
  <testcase name="signon" time="5.603" classname="maven_001.maven_001.MavenEx"/>
  <testcase name="contact" time="9.510" classname="maven_001.maven_001.MavenEx"/>
  <testcase name="support" time="7.554" classname="maven_001.maven_001.MavenEx"/>
</testsuite> <!-- maven_001.maven_001.MavenEx -->
